2019-2-5 21:53:08 [INFO] Loading nukkit.yml...
2019-2-5 21:53:08 [INFO] Loading server properties...
2019-2-5 21:53:08 [INFO] 将 中文(简体) (chs) 设定为基本语言
2019-2-5 21:53:08 [INFO] 正在启动支持 Minecraft: PE v1.8.0 版本的服务器
2019-2-5 21:53:08 [INFO] Selected Zlib Provider: 2 (cn.nukkit.utils.ZlibThreadLocal)
2019-2-5 21:53:08 [INFO] 正在启动服务器在 0.0.0.0:19132
2019-2-5 21:53:08 [INFO] 此服务器正在运行 Nukkit git-17e2dfa 版本 "" (API 1.0.7)
2019-2-5 21:53:08 [INFO] Nukkit 根据 LGPL 许可发行
2019-2-5 21:53:10 [INFO] Loading recipes...
2019-2-5 21:53:10 [INFO] Loaded 954 recipes.
2019-2-5 21:53:10 [INFO] Successfully loaded 0 resource packs
2019-2-5 21:53:10 [INFO] 准备地图中... "world"
2019-2-5 21:53:11 [INFO] 准备地图中... "nether"
2019-2-5 21:53:11 [INFO] Epoll is available. EpollEventLoop will be used.
2019-2-5 21:53:11 [INFO] 启动 GS4 状态监听器
2019-2-5 21:53:11 [INFO] 将 Query 端口设定为 19132
2019-2-5 21:53:11 [INFO] Query 运行在 0.0.0.0:19132
2019-2-5 21:53:11 [INFO] 默认的游戏模式为：生存模式
2019-2-5 21:53:11 [INFO] 启动完成 (3.842s)！如需帮助，请输入 "help" 或 "?"
2019-2-5 21:53:27 [INFO] KeyOrca9[/223.245.210.146:34042] 登入游戏，实体 ID 为 1，坐标位于 (world, 116.8519, 70.0, 123.1092)
2019-2-5 21:53:28 [INFO] KeyOrca9 加入了游戏
2019-2-5 21:57:01 [INFO] KeyOrca9 离开了游戏
2019-2-5 21:57:01 [INFO] KeyOrca9[/223.245.210.146:34042] 登出游戏，原因： client disconnect
2019-2-5 22:00:29 [INFO] KeyOrca9[/223.245.210.146:34042] 登入游戏，实体 ID 为 5，坐标位于 (world, 121.0206, 70.5625, 119.1729)
2019-2-5 22:00:30 [INFO] KeyOrca9 加入了游戏
2019-2-5 22:01:39 [INFO] --- 显示帮助手册总 1 页中的第 1 页 (/help <页码>) ---
2019-2-5 22:01:39 [INFO] /ban: 禁止指定的玩家加入此服务器
2019-2-5 22:01:39 [INFO] /ban-ip: 禁止指定的 IP 地址加入此服务器
2019-2-5 22:01:39 [INFO] /banlist: 查看该服务器封禁的所有玩家
2019-2-5 22:01:39 [INFO] /debugpaste: %nukkit.command.debug.description
2019-2-5 22:01:39 [INFO] /defaultgamemode: 设置默认的游戏模式
2019-2-5 22:01:39 [INFO] /deop: 取消指定玩家的管理员权限
2019-2-5 22:01:39 [INFO] /difficulty: 设置游戏的难易度
2019-2-5 22:01:39 [INFO] /effect: 增加/减少玩家身上的效果
2019-2-5 22:01:39 [INFO] /enchant: 为物品附魔
2019-2-5 22:01:39 [INFO] /gamemode: 改变玩家到一个特定的游戏模式
2019-2-5 22:01:39 [INFO] /gamerule: Sets or queries a game rule value.
2019-2-5 22:01:39 [INFO] /gc: 启动垃圾清理任务
2019-2-5 22:01:39 [INFO] /give: 给指定玩家一定数量的物品
2019-2-5 22:01:39 [INFO] /help: 显示帮助列表
2019-2-5 22:01:39 [INFO] /kick: 从服务器中删除指定玩家
2019-2-5 22:01:39 [INFO] /kill: 自杀或杀死其他玩家
2019-2-5 22:01:39 [INFO] /list: 显示在线玩家列表
2019-2-5 22:01:39 [INFO] /me: 于聊天中作出指定的动作
2019-2-5 22:01:39 [INFO] /op: 赋予指定玩家管理员权限
2019-2-5 22:01:39 [INFO] /pardon: 允许指定玩家加入此服务器
2019-2-5 22:01:39 [INFO] /pardon-ip: 允许指定 IP 地址加入此服务器
2019-2-5 22:01:39 [INFO] /particle: 加入粒子效果至世界
2019-2-5 22:01:39 [INFO] /plugins: 获取在服务器上运行的插件列表
2019-2-5 22:01:39 [INFO] /reload: 重新读取服务器设定和插件
2019-2-5 22:01:39 [INFO] /save-all: 保存服务器数据到磁盘上
2019-2-5 22:01:39 [INFO] /save-off: 停用自动保存服务器数据
2019-2-5 22:01:39 [INFO] /save-on: 启用自动保存服务器数据
2019-2-5 22:01:39 [INFO] /say: 以发送指令者身份广播指定的讯息
2019-2-5 22:01:39 [INFO] /seed: 显示世界种子
2019-2-5 22:01:39 [INFO] /setworldspawn: 设定一个世界重生点。未指定坐标，将使用玩家的坐标。
2019-2-5 22:01:39 [INFO] /spawnpoint: 设定玩家重生点
2019-2-5 22:01:39 [INFO] /status: 重新读取服务器的运行状态。
2019-2-5 22:01:39 [INFO] /stop: 关闭服务器
2019-2-5 22:01:39 [INFO] /tell: 发送私密信息给指定玩家
2019-2-5 22:01:39 [INFO] /time: 更改每个世界的时间
2019-2-5 22:01:39 [INFO] /timings: 计时，以检视服务器的性能。
2019-2-5 22:01:39 [INFO] /title: 显示横幅文字给一个玩家，或者更改该玩家显示的横幅文字设置
2019-2-5 22:01:39 [INFO] /tp: 传送指定玩家（或是自己）到另一位玩家或坐标
2019-2-5 22:01:39 [INFO] /version: 查看此服务器 (及其使用的插件) 的版本
2019-2-5 22:01:39 [INFO] /weather: 设置当前地图的天气状态
2019-2-5 22:01:39 [INFO] /whitelist: 管理员允许加入此服务器的玩家列表
2019-2-5 22:01:39 [INFO] /xp: 为玩家添加一定数量或等级的经验
2019-2-5 22:05:11 [INFO] [CONSOLE: 保存中...]
2019-2-5 22:05:11 [INFO] [CONSOLE: 已保存世界]
2019-2-5 22:05:16 [INFO] 未知的指令。请使用 /help 来显示指令列表。
2019-2-5 22:05:19 [INFO] 未知的指令。请使用 /help 来显示指令列表。
